#
# A fatal error has been detected by the Java Runtime Environment:
#
#  EXCEPTION_ACCESS_VIOLATION (0xc0000005) at pc=0x00007ffc94976cd5, pid=9232, tid=9292
#
# JRE version: OpenJDK Runtime Environment (11.0.10) (build 11.0.10+0-b96-7249189)
# Java VM: OpenJDK 64-Bit Server VM (11.0.10+0-b96-7249189, mixed mode, tiered, compressed oops, g1 gc, windows-amd64)
# Problematic frame:
# V  [jvm.dll+0x596cd5]
#
# No core dump will be written. Minidumps are not enabled by default on client versions of Windows
#
# If you would like to submit a bug report, please visit:
#   https://bugreport.java.com/bugreport/crash.jsp
#

---------------  S U M M A R Y ------------

Command Line: exit -Xms256m -Xmx1280m -XX:ReservedCodeCacheSize=512m -XX:+UseG1GC -XX:SoftRefLRUPolicyMSPerMB=50 -XX:CICompilerCount=2 -Dsun.io.useCanonCaches=false -Djdk.http.auth.tunneling.disabledSchemes="" -Djdk.attach.allowAttachSelf=true -Djdk.module.illegalAccess.silent=true -Dkotlinx.coroutines.debug=off -Djna.nosys=true -Djna.boot.library.path= -Didea.vendor.name=Google -Djb.vmOptionsFile=C:\Program Files\Android\Android Studio\bin\studio64.exe.vmoptions -Djava.library.path=C:\Program Files\Android\Android Studio\jre\\bin;C:\Program Files\Android\Android Studio\jre\\bin\server -Didea.platform.prefix=AndroidStudio -Didea.jre.check=true -Dide.native.launcher=true -Didea.vendor.name=Google -Didea.paths.selector=AndroidStudio2020.3 -XX:ErrorFile=C:\Users\cse\java_error_in_studio64_%p.log -XX:HeapDumpPath=C:\Users\cse\java_error_in_studio64.hprof 

Host: Intel(R) Core(TM) i5-10500 CPU @ 3.10GHz, 12 cores, 7G,  Windows 10 , 64 bit Build 19041 (10.0.19041.1202)
Time: Thu Oct  7 10:12:13 2021 India Standard Time elapsed time: 1.993748 seconds (0d 0h 0m 1s)

---------------  T H R E A D  ---------------

Current thread (0x000000002d5e8000):  VMThread "VM Thread" [stack: 0x000000002d9e0000,0x000000002dae0000] [id=9292]

Stack: [0x000000002d9e0000,0x000000002dae0000],  sp=0x000000002dadeac8,  free space=1018k
Native frames: (J=compiled Java code, j=interpreted, Vv=VM code, C=native code)
V  [jvm.dll+0x596cd5]


siginfo: EXCEPTION_ACCESS_VIOLATION (0xc0000005), reading address 0xffffffffffffffff


Register to memory mapping:

RIP=0x00007ffc94976cd5 jvm.dll
RAX=0x00007ffc945696a0 jvm.dll
RBX=0x0000000000000001 is an unknown value
RCX=0x00007ffc94c3bdd0 jvm.dll
RDX=0x0000000002348f01 points into unknown readable memory: e8 57 00 00 00 00 00
RSP=0x000000002dadeac8 points into unknown readable memory: 0x00007ffc94ac5aea | ea 5a ac 94 fc 7f 00 00
RBP=0x00007ffc94976cd0 jvm.dll
RSI=0x0000000002318800 is a thread
RDI=0x0000000000000008 is an unknown value
R8 =0x0000000000000001 is an unknown value
R9 =0x0000000000000002 is an unknown value
R10=0x0 is NULL
R11=0x000000002ecfc950 points into unknown readable memory: 0x000000002f0df380 | 80 f3 0d 2f 00 00 00 00
R12=0x00007ffc94dd5a00 jvm.dll
R13=0x000000002cb99490 points into unknown readable memory: 0x0000000200000000 | 00 00 00 00 02 00 00 00
R14=0x0 is NULL
R15=0x0 is NULL


Registers:
RAX=0x00007ffc945696a0, RBX=0x0000000000000001, RCX=0x00007ffc94c3bdd0, RDX=0x0000000002348f01
RSP=0x000000002dadeac8, RBP=0x00007ffc94976cd0, RSI=0x0000000002318800, RDI=0x0000000000000008
R8 =0x0000000000000001, R9 =0x0000000000000002, R10=0x0000000000000000, R11=0x000000002ecfc950
R12=0x00007ffc94dd5a00, R13=0x000000002cb99490, R14=0x0000000000000000, R15=0x0000000000000000
RIP=0x00007ffc94976cd5, EFLAGS=0x0000000000010297

Top of Stack: (sp=0x000000002dadeac8)
0x000000002dadeac8:   00007ffc94ac5aea 0000000000000000
0x000000002dadead8:   0000000002318800 6d6f746e61685020
0x000000002dadeae8:   636e657265666552 0000000000000000
0x000000002dadeaf8:   00007ffc94ac8310 000000002ed5b2f0
0x000000002dadeb08:   000000002ed5b390 000000002dadec00
0x000000002dadeb18:   000000002dadead8 00007ffc94c5bb60
0x000000002dadeb28:   00007ffc94976cd0 0000000000000002
0x000000002dadeb38:   00007ffc94dd6b90 000000002dadebd0
0x000000002dadeb48:   00007ffc94976b3c 0000000000000000
0x000000002dadeb58:   0000000000000000 0000000002307910
0x000000002dadeb68:   00007ffc949c70ff 0000000002307910
0x000000002dadeb78:   00007ffc945aef0f 0000000000000000
0x000000002dadeb88:   0000000000000000 0000000000180000
0x000000002dadeb98:   00007ffc94ad2787 0000000002307910
0x000000002dadeba8:   00007ffc94a5c1a9 00007ffc94dd5ae0
0x000000002dadebb8:   0000000000000000 00007ffc94dd5a70 

Instructions: (pc=0x00007ffc94976cd5)
0x00007ffc94976bd5:   24 30 48 89 7c 24 38 0f 1f 40 00 48 8b b3 00 02
0x00007ffc94976be5:   00 00 48 8b fd 48 2b f3 48 c1 ee 03 48 85 f6 74
0x00007ffc94976bf5:   1e 66 66 0f 1f 84 00 00 00 00 00 48 8b 0c fb 33
0x00007ffc94976c05:   d2 48 8b 01 ff 50 68 48 ff c7 48 3b fe 72 ec 48
0x00007ffc94976c15:   8b 8b 08 02 00 00 48 89 ab 08 02 00 00 48 89 9b
0x00007ffc94976c25:   00 02 00 00 48 8b 05 f8 32 47 00 48 89 83 10 02
0x00007ffc94976c35:   00 00 48 89 1d ea 32 47 00 48 8b d9 48 85 c9 75
0x00007ffc94976c45:   9a 48 8b 7c 24 38 48 8b 74 24 30 48 89 2d c9 32
0x00007ffc94976c55:   47 00 48 8b 5c 24 40 48 83 c4 20 5d c3 cc cc cc
0x00007ffc94976c65:   cc cc cc cc cc cc cc cc cc cc cc 48 83 ec 28 48
0x00007ffc94976c75:   8b 05 ad 32 47 00 48 85 c0 74 13 48 8b 88 10 02
0x00007ffc94976c85:   00 00 48 89 0d 9a 32 47 00 48 83 c4 28 c3 45 33
0x00007ffc94976c95:   c0 b9 18 02 00 00 41 8d 50 07 e8 3c cc b1 ff 48
0x00007ffc94976ca5:   85 c0 74 22 48 89 80 00 02 00 00 48 c7 80 08 02
0x00007ffc94976cb5:   00 00 00 00 00 00 48 c7 80 10 02 00 00 00 00 00
0x00007ffc94976cc5:   00 48 83 c4 28 c3 48 83 c4 28 c3 48 8b 01 b2 01
0x00007ffc94976cd5:   48 ff 60 68 cc cc cc cc cc cc cc 40 53 48 83 ec
0x00007ffc94976ce5:   20 48 8b 15 43 32 47 00 48 8b d9 48 85 d2 74 21
0x00007ffc94976cf5:   48 8d 82 00 02 00 00 48 39 00 75 24 48 8b 05 18
0x00007ffc94976d05:   32 47 00 48 89 82 08 02 00 00 48 89 15 0a 32 47
0x00007ffc94976d15:   00 e8 55 ff ff ff 48 8b d0 48 89 05 0b 32 47 00
0x00007ffc94976d25:   48 8b 8a 00 02 00 00 48 89 19 48 83 82 00 02 00
0x00007ffc94976d35:   00 08 48 83 c4 20 5b c3 cc cc cc 48 89 4c 24 08
0x00007ffc94976d45:   48 89 54 24 10 4c 89 44 24 18 4c 89 4c 24 20 48
0x00007ffc94976d55:   83 ec 28 4c 8b c1 4c 8d 4c 24 38 48 8d 0d 99 f5
0x00007ffc94976d65:   45 00 ba 01 00 00 00 e8 2f c2 f5 ff 48 83 c4 28
0x00007ffc94976d75:   c3 cc cc cc cc cc cc cc cc cc cc 40 53 48 83 ec
0x00007ffc94976d85:   20 33 c0 44 89 01 48 89 41 10 48 8b d9 48 89 41
0x00007ffc94976d95:   18 48 89 51 08 e8 61 15 00 00 48 8b c3 48 83 c4
0x00007ffc94976da5:   20 5b c3 cc cc cc cc cc cc cc cc 48 89 5c 24 08
0x00007ffc94976db5:   57 48 83 ec 20 48 8b 59 10 48 8b f9 48 85 db 74
0x00007ffc94976dc5:   10 48 8b cb e8 f2 a2 0d 00 48 8b cb e8 8a cc b1 


Stack slot to memory mapping:
stack at sp + 0 slots: 0x00007ffc94ac5aea jvm.dll
stack at sp + 1 slots: 0x0 is NULL
stack at sp + 2 slots: 0x0000000002318800 is a thread
stack at sp + 3 slots: 0x6d6f746e61685020 is an unknown value
stack at sp + 4 slots: 0x636e657265666552 is an unknown value
stack at sp + 5 slots: 0x0 is NULL
stack at sp + 6 slots: 0x00007ffc94ac8310 jvm.dll
stack at sp + 7 slots: 0x000000002ed5b2f0 points into unknown readable memory: 0x0000000002318800 | 00 88 31 02 00 00 00 00

VM_Operation (0x0000000029e3fbf0): CGC_Operation, mode: safepoint, requested by thread 0x000000000234e800


---------------  P R O C E S S  ---------------

Threads class SMR info:
_java_thread_list=0x000000002efb4530, length=20, elements={
0x0000000002318800, 0x000000002cbda000, 0x000000002cbdd000, 0x000000002d61e800,
0x000000002d61f800, 0x000000002d622000, 0x000000002d625000, 0x000000002d627000,
0x000000002d67c800, 0x000000002d7d2800, 0x000000002d7d4800, 0x000000002ecf1000,
0x000000002ed17800, 0x000000002ed39800, 0x000000002ed3a000, 0x000000002ed5f000,
0x000000002efdc000, 0x000000002effd800, 0x000000002efff800, 0x000000002f044000
}

Java Threads: ( => current thread )
  0x0000000002318800 JavaThread "main" [_thread_blocked, id=9236, stack(0x0000000000050000,0x0000000000150000)]
  0x000000002cbda000 JavaThread "Reference Handler" daemon [_thread_blocked, id=9304, stack(0x000000002dae0000,0x000000002dbe0000)]
  0x000000002cbdd000 JavaThread "Finalizer" daemon [_thread_blocked, id=9308, stack(0x000000002dbe0000,0x000000002dce0000)]
  0x000000002d61e800 JavaThread "Signal Dispatcher" daemon [_thread_blocked, id=9312, stack(0x000000002dde0000,0x000000002dee0000)]
  0x000000002d61f800 JavaThread "Attach Listener" daemon [_thread_blocked, id=9316, stack(0x000000002dee0000,0x000000002dfe0000)]
  0x000000002d622000 JavaThread "Service Thread" daemon [_thread_blocked, id=9320, stack(0x000000002dfe0000,0x000000002e0e0000)]
  0x000000002d625000 JavaThread "C2 CompilerThread0" daemon [_thread_blocked, id=9324, stack(0x000000002e0e0000,0x000000002e1e0000)]
  0x000000002d627000 JavaThread "C1 CompilerThread0" daemon [_thread_blocked, id=9328, stack(0x000000002e1e0000,0x000000002e2e0000)]
  0x000000002d67c800 JavaThread "Sweeper thread" daemon [_thread_blocked, id=9332, stack(0x000000002e2e0000,0x000000002e3e0000)]
  0x000000002d7d2800 JavaThread "WinLauncher external command processing thread" [_thread_in_native, id=9340, stack(0x000000002e4e0000,0x000000002e5e0000)]
  0x000000002d7d4800 JavaThread "Common-Cleaner" daemon [_thread_blocked, id=9344, stack(0x000000002e5e0000,0x000000002e6e0000)]
  0x000000002ecf1000 JavaThread "Idea Main Thread" [_thread_blocked, id=9472, stack(0x000000002f420000,0x000000002f520000)]
  0x000000002ed17800 JavaThread "Periodic tasks thread" daemon [_thread_blocked, id=9476, stack(0x000000002f520000,0x000000002f620000)]
  0x000000002ed39800 JavaThread "ApplicationImpl pooled thread 1" [_thread_blocked, id=9480, stack(0x000000002f620000,0x000000002f720000)]
  0x000000002ed3a000 JavaThread "ApplicationImpl pooled thread 2" [_thread_blocked, id=9484, stack(0x000000002f720000,0x000000002f820000)]
  0x000000002ed5f000 JavaThread "ApplicationImpl pooled thread 3" [_thread_blocked, id=9488, stack(0x000000002fb60000,0x000000002fc60000)]
  0x000000002efdc000 JavaThread "Java2D Disposer" daemon [_thread_blocked, id=9544, stack(0x0000000030860000,0x0000000030960000)]
  0x000000002effd800 JavaThread "AWT-Shutdown" [_thread_blocked, id=9548, stack(0x0000000030960000,0x0000000030a60000)]
  0x000000002efff800 JavaThread "AWT-Windows" daemon [_thread_in_native, id=9552, stack(0x0000000030a60000,0x0000000030b60000)]
  0x000000002f044000 JavaThread "AWT-EventQueue-0" [_thread_blocked, id=9556, stack(0x0000000030cb0000,0x0000000030db0000)]

Other Threads:
=>0x000000002d5e8000 VMThread "VM Thread" [stack: 0x000000002d9e0000,0x000000002dae0000] [id=9292]
  0x000000002d7d1800 WatcherThread [stack: 0x000000002e3e0000,0x000000002e4e0000] [id=9336]
  0x000000000232c000 GCTaskThread "GC Thread#0" [stack: 0x0000000026210000,0x0000000026310000] [id=9272]
  0x000000002eeee800 GCTaskThread "GC Thread#1" [stack: 0x000000002fc60000,0x000000002fd60000] [id=9492]
  0x000000002eeb4000 GCTaskThread "GC Thread#2" [stack: 0x000000002fd60000,0x000000002fe60000] [id=9496]
  0x000000002eeb4800 GCTaskThread "GC Thread#3" [stack: 0x000000002fe60000,0x000000002ff60000] [id=9500]
  0x000000002ed66800 GCTaskThread "GC Thread#4" [stack: 0x000000002ff60000,0x0000000030060000] [id=9504]
  0x000000002edc5800 GCTaskThread "GC Thread#5" [stack: 0x0000000030060000,0x0000000030160000] [id=9508]
  0x000000002ed4a000 GCTaskThread "GC Thread#6" [stack: 0x0000000030160000,0x0000000030260000] [id=9512]
  0x000000002ed4b000 GCTaskThread "GC Thread#7" [stack: 0x0000000030260000,0x0000000030360000] [id=9516]
  0x000000002ed4b800 GCTaskThread "GC Thread#8" [stack: 0x0000000030460000,0x0000000030560000] [id=9520]
  0x000000002ed4c800 GCTaskThread "GC Thread#9" [stack: 0x0000000030560000,0x0000000030660000] [id=9524]
  0x000000000234e800 ConcurrentGCThread "G1 Main Marker" [stack: 0x0000000029d40000,0x0000000029e40000] [id=9276]
  0x0000000002350800 ConcurrentGCThread "G1 Conc#0" [stack: 0x0000000029e40000,0x0000000029f40000] [id=9280]
  0x000000002ede8800 ConcurrentGCThread "G1 Conc#1" [stack: 0x00000000329d0000,0x0000000032ad0000] [id=9560]
  0x0000000031823800 ConcurrentGCThread "G1 Conc#2" [stack: 0x0000000032ad0000,0x0000000032bd0000] [id=9564]
  0x000000002ca46800 ConcurrentGCThread "G1 Refine#0" [stack: 0x000000002cbe0000,0x000000002cce0000] [id=9284]
  0x000000002ca47000 ConcurrentGCThread "G1 Young RemSet Sampling" [stack: 0x000000002cce0000,0x000000002cde0000] [id=9288]

Threads with active compile tasks:
C2 CompilerThread0   2113 1263       4       java.util.concurrent.ConcurrentHashMap::addCount (289 bytes)
C1 CompilerThread0   2113 1268       3       java.util.regex.Pattern$Node::<init> (12 bytes)

VM state:at safepoint (normal execution)

VM Mutex/Monitor currently owned by a thread:  ([mutex/lock_event])
[0x00000000023179e0] Threads_lock - owner thread: 0x000000002d5e8000
[0x0000000002317d40] Heap_lock - owner thread: 0x000000000234e800

Heap address: 0x00000000b0000000, size: 1280 MB, Compressed Oops mode: 32-bit
Narrow klass base: 0x0000000000000000, Narrow klass shift: 3
Compressed class space size: 1073741824 Address: 0x0000000100000000

Heap:
 garbage-first heap   total 262144K, used 9485K [0x00000000b0000000, 0x0000000100000000)
  region size 1024K, 6 young (6144K), 5 survivors (5120K)
 Metaspace       used 20657K, capacity 21190K, committed 21504K, reserved 1069056K
  class space    used 2201K, capacity 2439K, committed 2560K, reserved 1048576K
Heap Regions: E=young(eden), S=young(survivor), O=old, HS=humongous(starts), HC=humongous(continues), CS=collection set, F=free, A=archive, TAMS=top-at-mark-start (previous, next)
|   0|0x00000000b0000000, 0x00000000b0100000, 0x00000000b0100000|100%|HS|  |TAMS 0x00000000b0000000, 0x00000000b0100000| Complete 
|   1|0x00000000b0100000, 0x00000000b0200000, 0x00000000b0200000|100%|HC|  |TAMS 0x00000000b0100000, 0x00000000b0200000| Complete 
|   2|0x00000000b0200000, 0x00000000b0300000, 0x00000000b0300000|100%|HC|  |TAMS 0x00000000b0200000, 0x00000000b0300000| Complete 
|   3|0x00000000b0300000, 0x00000000b0400000, 0x00000000b0400000|100%|HS|  |TAMS 0x00000000b0300000, 0x00000000b0400000| Complete 
|   4|0x00000000b0400000, 0x00000000b044e000, 0x00000000b0500000| 30%| O|  |TAMS 0x00000000b0400000, 0x00000000b044e000| Untracked 
|   5|0x00000000b0500000, 0x00000000b0500000, 0x00000000b0600000|  0%| F|  |TAMS 0x00000000b0500000, 0x00000000b0500000| Untracked 
|   6|0x00000000b0600000, 0x00000000b0600000, 0x00000000b0700000|  0%| F|  |TAMS 0x00000000b0600000, 0x00000000b0600000| Untracked 
|   7|0x00000000b0700000, 0x00000000b0700000, 0x00000000b0800000|  0%| F|  |TAMS 0x00000000b0700000, 0x00000000b0700000| Untracked 
|   8|0x00000000b0800000, 0x00000000b0800000, 0x00000000b0900000|  0%| F|  |TAMS 0x00000000b0800000, 0x00000000b0800000| Untracked 
|   9|0x00000000b0900000, 0x00000000b0900000, 0x00000000b0a00000|  0%| F|  |TAMS 0x00000000b0900000, 0x00000000b0900000| Untracked 
|  10|0x00000000b0a00000, 0x00000000b0a00000, 0x00000000b0b00000|  0%| F|  |TAMS 0x00000000b0a00000, 0x00000000b0a00000| Untracked 
|  11|0x00000000b0b00000, 0x00000000b0b00000, 0x00000000b0c00000|  0%| F|  |TAMS 0x00000000b0b00000, 0x00000000b0b00000| Untracked 
|  12|0x00000000b0c00000, 0x00000000b0c00000, 0x00000000b0d00000|  0%| F|  |TAMS 0x00000000b0c00000, 0x00000000b0c00000| Untracked 
|  13|0x00000000b0d00000, 0x00000000b0d00000, 0x00000000b0e00000|  0%| F|  |TAMS 0x00000000b0d00000, 0x00000000b0d00000| Untracked 
|  14|0x00000000b0e00000, 0x00000000b0e00000, 0x00000000b0f00000|  0%| F|  |TAMS 0x00000000b0e00000, 0x00000000b0e00000| Untracked 
|  15|0x00000000b0f00000, 0x00000000b0f00000, 0x00000000b1000000|  0%| F|  |TAMS 0x00000000b0f00000, 0x00000000b0f00000| Untracked 
|  16|0x00000000b1000000, 0x00000000b1000000, 0x00000000b1100000|  0%| F|  |TAMS 0x00000000b1000000, 0x00000000b1000000| Untracked 
|  17|0x00000000b1100000, 0x00000000b1100000, 0x00000000b1200000|  0%| F|  |TAMS 0x00000000b1100000, 0x00000000b1100000| Untracked 
|  18|0x00000000b1200000, 0x00000000b1200000, 0x00000000b1300000|  0%| F|  |TAMS 0x00000000b1200000, 0x00000000b1200000| Untracked 
|  19|0x00000000b1300000, 0x00000000b1300000, 0x00000000b1400000|  0%| F|  |TAMS 0x00000000b1300000, 0x00000000b1300000| Untracked 
|  20|0x00000000b1400000, 0x00000000b1400000, 0x00000000b1500000|  0%| F|  |TAMS 0x00000000b1400000, 0x00000000b1400000| Untracked 
|  21|0x00000000b1500000, 0x00000000b1500000, 0x00000000b1600000|  0%| F|  |TAMS 0x00000000b1500000, 0x00000000b1500000| Untracked 
|  22|0x00000000b1600000, 0x00000000b1600000, 0x00000000b1700000|  0%| F|  |TAMS 0x00000000b1600000, 0x00000000b1600000| Untracked 
|  23|0x00000000b1700000, 0x00000000b1700000, 0x00000000b1800000|  0%| F|  |TAMS 0x00000000b1700000, 0x00000000b1700000| Untracked 
|  24|0x00000000b1800000, 0x00000000b1800000, 0x00000000b1900000|  0%| F|  |TAMS 0x00000000b1800000, 0x00000000b1800000| Untracked 
|  25|0x00000000b1900000, 0x00000000b1900000, 0x00000000b1a00000|  0%| F|  |TAMS 0x00000000b1900000, 0x00000000b1900000| Untracked 
|  26|0x00000000b1a00000, 0x00000000b1a00000, 0x00000000b1b00000|  0%| F|  |TAMS 0x00000000b1a00000, 0x00000000b1a00000| Untracked 
|  27|0x00000000b1b00000, 0x00000000b1b00000, 0x00000000b1c00000|  0%| F|  |TAMS 0x00000000b1b00000, 0x00000000b1b00000| Untracked 
|  28|0x00000000b1c00000, 0x00000000b1c00000, 0x00000000b1d00000|  0%| F|  |TAMS 0x00000000b1c00000, 0x00000000b1c00000| Untracked 
|  29|0x00000000b1d00000, 0x00000000b1d00000, 0x00000000b1e00000|  0%| F|  |TAMS 0x00000000b1d00000, 0x00000000b1d00000| Untracked 
|  30|0x00000000b1e00000, 0x00000000b1e00000, 0x00000000b1f00000|  0%| F|  |TAMS 0x00000000b1e00000, 0x00000000b1e00000| Untracked 
|  31|0x00000000b1f00000, 0x00000000b1f00000, 0x00000000b2000000|  0%| F|  |TAMS 0x00000000b1f00000, 0x00000000b1f00000| Untracked 
|  32|0x00000000b2000000, 0x00000000b2000000, 0x00000000b2100000|  0%| F|  |TAMS 0x00000000b2000000, 0x00000000b2000000| Untracked 
|  33|0x00000000b2100000, 0x00000000b2100000, 0x00000000b2200000|  0%| F|  |TAMS 0x00000000b2100000, 0x00000000b2100000| Untracked 
|  34|0x00000000b2200000, 0x00000000b2200000, 0x00000000b2300000|  0%| F|  |TAMS 0x00000000b2200000, 0x00000000b2200000| Untracked 
|  35|0x00000000b2300000, 0x00000000b2300000, 0x00000000b2400000|  0%| F|  |TAMS 0x00000000b2300000, 0x00000000b2300000| Untracked 
|  36|0x00000000b2400000, 0x00000000b2400000, 0x00000000b2500000|  0%| F|  |TAMS 0x00000000b2400000, 0x00000000b2400000| Untracked 
|  37|0x00000000b2500000, 0x00000000b2500000, 0x00000000b2600000|  0%| F|  |TAMS 0x00000000b2500000, 0x00000000b2500000| Untracked 
|  38|0x00000000b2600000, 0x00000000b2600000, 0x00000000b2700000|  0%| F|  |TAMS 0x00000000b2600000, 0x00000000b2600000| Untracked 
|  39|0x00000000b2700000, 0x00000000b2700000, 0x00000000b2800000|  0%| F|  |TAMS 0x00000000b2700000, 0x00000000b2700000| Untracked 
|  40|0x00000000b2800000, 0x00000000b2800000, 0x00000000b2900000|  0%| F|  |TAMS 0x00000000b2800000, 0x00000000b2800000| Untracked 
|  41|0x00000000b2900000, 0x00000000b2900000, 0x00000000b2a00000|  0%| F|  |TAMS 0x00000000b2900000, 0x00000000b2900000| Untracked 
|  42|0x00000000b2a00000, 0x00000000b2a00000, 0x00000000b2b00000|  0%| F|  |TAMS 0x00000000b2a00000, 0x00000000b2a00000| Untracked 
|  43|0x00000000b2b00000, 0x00000000b2b00000, 0x00000000b2c00000|  0%| F|  |TAMS 0x00000000b2b00000, 0x00000000b2b00000| Untracked 
|  44|0x00000000b2c00000, 0x00000000b2c00000, 0x00000000b2d00000|  0%| F|  |TAMS 0x00000000b2c00000, 0x00000000b2c00000| Untracked 
|  45|0x00000000b2d00000, 0x00000000b2d00000, 0x00000000b2e00000|  0%| F|  |TAMS 0x00000000b2d00000, 0x00000000b2d00000| Untracked 
|  46|0x00000000b2e00000, 0x00000000b2e00000, 0x00000000b2f00000|  0%| F|  |TAMS 0x00000000b2e00000, 0x00000000b2e00000| Untracked 
|  47|0x00000000b2f00000, 0x00000000b2f00000, 0x00000000b3000000|  0%| F|  |TAMS 0x00000000b2f00000, 0x00000000b2f00000| Untracked 
|  48|0x00000000b3000000, 0x00000000b3000000, 0x00000000b3100000|  0%| F|  |TAMS 0x00000000b3000000, 0x00000000b3000000| Untracked 
|  49|0x00000000b3100000, 0x00000000b3100000, 0x00000000b3200000|  0%| F|  |TAMS 0x00000000b3100000, 0x00000000b3100000| Untracked 
|  50|0x00000000b3200000, 0x00000000b3200000, 0x00000000b3300000|  0%| F|  |TAMS 0x00000000b3200000, 0x00000000b3200000| Untracked 
|  51|0x00000000b3300000, 0x00000000b3300000, 0x00000000b3400000|  0%| F|  |TAMS 0x00000000b3300000, 0x00000000b3300000| Untracked 
|  52|0x00000000b3400000, 0x00000000b3400000, 0x00000000b3500000|  0%| F|  |TAMS 0x00000000b3400000, 0x00000000b3400000| Untracked 
|  53|0x00000000b3500000, 0x00000000b3500000, 0x00000000b3600000|  0%| F|  |TAMS 0x00000000b3500000, 0x00000000b3500000| Untracked 
|  54|0x00000000b3600000, 0x00000000b3600000, 0x00000000b3700000|  0%| F|  |TAMS 0x00000000b3600000, 0x00000000b3600000| Untracked 
|  55|0x00000000b3700000, 0x00000000b3700000, 0x00000000b3800000|  0%| F|  |TAMS 0x00000000b3700000, 0x00000000b3700000| Untracked 
|  56|0x00000000b3800000, 0x00000000b3800000, 0x00000000b3900000|  0%| F|  |TAMS 0x00000000b3800000, 0x00000000b3800000| Untracked 
|  57|0x00000000b3900000, 0x00000000b3900000, 0x00000000b3a00000|  0%| F|  |TAMS 0x00000000b3900000, 0x00000000b3900000| Untracked 
|  58|0x00000000b3a00000, 0x00000000b3a00000, 0x00000000b3b00000|  0%| F|  |TAMS 0x00000000b3a00000, 0x00000000b3a00000| Untracked 
|  59|0x00000000b3b00000, 0x00000000b3b00000, 0x00000000b3c00000|  0%| F|  |TAMS 0x00000000b3b00000, 0x00000000b3b00000| Untracked 
|  60|0x00000000b3c00000, 0x00000000b3c00000, 0x00000000b3d00000|  0%| F|  |TAMS 0x00000000b3c00000, 0x00000000b3c00000| Untracked 
|  61|0x00000000b3d00000, 0x00000000b3d00000, 0x00000000b3e00000|  0%| F|  |TAMS 0x00000000b3d00000, 0x00000000b3d00000| Untracked 
|  62|0x00000000b3e00000, 0x00000000b3e00000, 0x00000000b3f00000|  0%| F|  |TAMS 0x00000000b3e00000, 0x00000000b3e00000| Untracked 
|  63|0x00000000b3f00000, 0x00000000b3f00000, 0x00000000b4000000|  0%| F|  |TAMS 0x00000000b3f00000, 0x00000000b3f00000| Untracked 
|  64|0x00000000b4000000, 0x00000000b4000000, 0x00000000b4100000|  0%| F|  |TAMS 0x00000000b4000000, 0x00000000b4000000| Untracked 
|  65|0x00000000b4100000, 0x00000000b4100000, 0x00000000b4200000|  0%| F|  |TAMS 0x00000000b4100000, 0x00000000b4100000| Untracked 
|  66|0x00000000b4200000, 0x00000000b4200000, 0x00000000b4300000|  0%| F|  |TAMS 0x00000000b4200000, 0x00000000b4200000| Untracked 
|  67|0x00000000b4300000, 0x00000000b4300000, 0x00000000b4400000|  0%| F|  |TAMS 0x00000000b4300000, 0x00000000b4300000| Untracked 
|  68|0x00000000b4400000, 0x00000000b4400000, 0x00000000b4500000|  0%| F|  |TAMS 0x00000000b4400000, 0x00000000b4400000| Untracked 
|  69|0x00000000b4500000, 0x00000000b4500000, 0x00000000b4600000|  0%| F|  |TAMS 0x00000000b4500000, 0x00000000b4500000| Untracked 
|  70|0x00000000b4600000, 0x00000000b4600000, 0x00000000b4700000|  0%| F|  |TAMS 0x00000000b4600000, 0x00000000b4600000| Untracked 
|  71|0x00000000b4700000, 0x00000000b4700000, 0x00000000b4800000|  0%| F|  |TAMS 0x00000000b4700000, 0x00000000b4700000| Untracked 
|  72|0x00000000b4800000, 0x00000000b4800000, 0x00000000b4900000|  0%| F|  |TAMS 0x00000000b4800000, 0x00000000b4800000| Untracked 
|  73|0x00000000b4900000, 0x00000000b4900000, 0x00000000b4a00000|  0%| F|  |TAMS 0x00000000b4900000, 0x00000000b4900000| Untracked 
|  74|0x00000000b4a00000, 0x00000000b4a00000, 0x00000000b4b00000|  0%| F|  |TAMS 0x00000000b4a00000, 0x00000000b4a00000| Untracked 
|  75|0x00000000b4b00000, 0x00000000b4b00000, 0x00000000b4c00000|  0%| F|  |TAMS 0x00000000b4b00000, 0x00000000b4b00000| Untracked 
|  76|0x00000000b4c00000, 0x00000000b4c00000, 0x00000000b4d00000|  0%| F|  |TAMS 0x00000000b4c00000, 0x00000000b4c00000| Untracked 
|  77|0x00000000b4d00000, 0x00000000b4d00000, 0x00000000b4e00000|  0%| F|  |TAMS 0x00000000b4d00000, 0x00000000b4d00000| Untracked 
|  78|0x00000000b4e00000, 0x00000000b4e00000, 0x00000000b4f00000|  0%| F|  |TAMS 0x00000000b4e00000, 0x00000000b4e00000| Untracked 
|  79|0x00000000b4f00000, 0x00000000b4f00000, 0x00000000b5000000|  0%| F|  |TAMS 0x00000000b4f00000, 0x00000000b4f00000| Untracked 
|  80|0x00000000b5000000, 0x00000000b5000000, 0x00000000b5100000|  0%| F|  |TAMS 0x00000000b5000000, 0x00000000b5000000| Untracked 
|  81|0x00000000b5100000, 0x00000000b5100000, 0x00000000b5200000|  0%| F|  |TAMS 0x00000000b5100000, 0x00000000b5100000| Untracked 
|  82|0x00000000b5200000, 0x00000000b5200000, 0x00000000b5300000|  0%| F|  |TAMS 0x00000000b5200000, 0x00000000b5200000| Untracked 
|  83|0x00000000b5300000, 0x00000000b5300000, 0x00000000b5400000|  0%| F|  |TAMS 0x00000000b5300000, 0x00000000b5300000| Untracked 
|  84|0x00000000b5400000, 0x00000000b5400000, 0x00000000b5500000|  0%| F|  |TAMS 0x00000000b5400000, 0x00000000b5400000| Untracked 
|  85|0x00000000b5500000, 0x00000000b5500000, 0x00000000b5600000|  0%| F|  |TAMS 0x00000000b5500000, 0x00000000b5500000| Untracked 
|  86|0x00000000b5600000, 0x00000000b5600000, 0x00000000b5700000|  0%| F|  |TAMS 0x00000000b5600000, 0x00000000b5600000| Untracked 
|  87|0x00000000b5700000, 0x00000000b5700000, 0x00000000b5800000|  0%| F|  |TAMS 0x00000000b5700000, 0x00000000b5700000| Untracked 
|  88|0x00000000b5800000, 0x00000000b5800000, 0x00000000b5900000|  0%| F|  |TAMS 0x00000000b5800000, 0x00000000b5800000| Untracked 
|  89|0x00000000b5900000, 0x00000000b5900000, 0x00000000b5a00000|  0%| F|  |TAMS 0x00000000b5900000, 0x00000000b5900000| Untracked 
|  90|0x00000000b5a00000, 0x00000000b5a00000, 0x00000000b5b00000|  0%| F|  |TAMS 0x00000000b5a00000, 0x00000000b5a00000| Untracked 
|  91|0x00000000b5b00000, 0x00000000b5b00000, 0x00000000b5c00000|  0%| F|  |TAMS 0x00000000b5b00000, 0x00000000b5b00000| Untracked 
|  92|0x00000000b5c00000, 0x00000000b5c00000, 0x00000000b5d00000|  0%| F|  |TAMS 0x00000000b5c00000, 0x00000000b5c00000| Untracked 
|  93|0x00000000b5d00000, 0x00000000b5d00000, 0x00000000b5e00000|  0%| F|  |TAMS 0x00000000b5d00000, 0x00000000b5d00000| Untracked 
|  94|0x00000000b5e00000, 0x00000000b5e00000, 0x00000000b5f00000|  0%| F|  |TAMS 0x00000000b5e00000, 0x00000000b5e00000| Untracked 
|  95|0x00000000b5f00000, 0x00000000b5f00000, 0x00000000b6000000|  0%| F|  |TAMS 0x00000000b5f00000, 0x00000000b5f00000| Untracked 
|  96|0x00000000b6000000, 0x00000000b6000000, 0x00000000b6100000|  0%| F|  |TAMS 0x00000000b6000000, 0x00000000b6000000| Untracked 
|  97|0x00000000b6100000, 0x00000000b6100000, 0x00000000b6200000|  0%| F|  |TAMS 0x00000000b6100000, 0x00000000b6100000| Untracked 
|  98|0x00000000b6200000, 0x00000000b6200000, 0x00000000b6300000|  0%| F|  |TAMS 0x00000000b6200000, 0x00000000b6200000| Untracked 
|  99|0x00000000b6300000, 0x00000000b6300000, 0x00000000b6400000|  0%| F|  |TAMS 0x00000000b6300000, 0x00000000b6300000| Untracked 
| 100|0x00000000b6400000, 0x00000000b6400000, 0x00000000b6500000|  0%| F|  |TAMS 0x00000000b6400000, 0x00000000b6400000| Untracked 
| 101|0x00000000b6500000, 0x00000000b6500000, 0x00000000b6600000|  0%| F|  |TAMS 0x00000000b6500000, 0x00000000b6500000| Untracked 
| 102|0x00000000b6600000, 0x00000000b6600000, 0x00000000b6700000|  0%| F|  |TAMS 0x00000000b6600000, 0x00000000b6600000| Untracked 
| 103|0x00000000b6700000, 0x00000000b6700000, 0x00000000b6800000|  0%| F|  |TAMS 0x00000000b6700000, 0x00000000b6700000| Untracked 
| 104|0x00000000b6800000, 0x00000000b6800000, 0x00000000b6900000|  0%| F|  |TAMS 0x00000000b6800000, 0x00000000b6800000| Untracked 
| 105|0x00000000b6900000, 0x00000000b6900000, 0x00000000b6a00000|  0%| F|  |TAMS 0x00000000b6900000, 0x00000000b6900000| Untracked 
| 106|0x00000000b6a00000, 0x00000000b6a00000, 0x00000000b6b00000|  0%| F|  |TAMS 0x00000000b6a00000, 0x00000000b6a00000| Untracked 
| 107|0x00000000b6b00000, 0x00000000b6b00000, 0x00000000b6c00000|  0%| F|  |TAMS 0x00000000b6b00000, 0x00000000b6b00000| Untracked 
| 108|0x00000000b6c00000, 0x00000000b6c00000, 0x00000000b6d00000|  0%| F|  |TAMS 0x00000000b6c00000, 0x00000000b6c00000| Untracked 
| 109|0x00000000b6d00000, 0x00000000b6d00000, 0x00000000b6e00000|  0%| F|  |TAMS 0x00000000b6d00000, 0x00000000b6d00000| Untracked 
| 110|0x00000000b6e00000, 0x00000000b6e00000, 0x00000000b6f00000|  0%| F|  |TAMS 0x00000000b6e00000, 0x00000000b6e00000| Untracked 
| 111|0x00000000b6f00000, 0x00000000b6f00000, 0x00000000b7000000|  0%| F|  |TAMS 0x00000000b6f00000, 0x00000000b6f00000| Untracked 
| 112|0x00000000b7000000, 0x00000000b7000000, 0x00000000b7100000|  0%| F|  |TAMS 0x00000000b7000000, 0x00000000b7000000| Untracked 
| 113|0x00000000b7100000, 0x00000000b7100000, 0x00000000b7200000|  0%| F|  |TAMS 0x00000000b7100000, 0x00000000b7100000| Untracked 
| 114|0x00000000b7200000, 0x00000000b7200000, 0x00000000b7300000|  0%| F|  |TAMS 0x00000000b7200000, 0x00000000b7200000| Untracked 
| 115|0x00000000b7300000, 0x00000000b7300000, 0x00000000b7400000|  0%| F|  |TAMS 0x00000000b7300000, 0x00000000b7300000| Untracked 
| 116|0x00000000b7400000, 0x00000000b7400000, 0x00000000b7500000|  0%| F|  |TAMS 0x00000000b7400000, 0x00000000b7400000| Untracked 
| 117|0x00000000b7500000, 0x00000000b7500000, 0x00000000b7600000|  0%| F|  |TAMS 0x00000000b7500000, 0x00000000b7500000| Untracked 
| 118|0x00000000b7600000, 0x00000000b7600000, 0x00000000b7700000|  0%| F|  |TAMS 0x00000000b7600000, 0x00000000b7600000| Untracked 
| 119|0x00000000b7700000, 0x00000000b7700000, 0x00000000b7800000|  0%| F|  |TAMS 0x00000000b7700000, 0x00000000b7700000| Untracked 
| 120|0x00000000b7800000, 0x00000000b7800000, 0x00000000b7900000|  0%| F|  |TAMS 0x00000000b7800000, 0x00000000b7800000| Untracked 
| 121|0x00000000b7900000, 0x00000000b7900000, 0x00000000b7a00000|  0%| F|  |TAMS 0x00000000b7900000, 0x00000000b7900000| Untracked 
| 122|0x00000000b7a00000, 0x00000000b7a00000, 0x00000000b7b00000|  0%| F|  |TAMS 0x00000000b7a00000, 0x00000000b7a00000| Untracked 
| 123|0x00000000b7b00000, 0x00000000b7b00000, 0x00000000b7c00000|  0%| F|  |TAMS 0x00000000b7b00000, 0x00000000b7b00000| Untracked 
| 124|0x00000000b7c00000, 0x00000000b7c00000, 0x00000000b7d00000|  0%| F|  |TAMS 0x00000000b7c00000, 0x00000000b7c00000| Untracked 
| 125|0x00000000b7d00000, 0x00000000b7d00000, 0x00000000b7e00000|  0%| F|  |TAMS 0x00000000b7d00000, 0x00000000b7d00000| Untracked 
| 126|0x00000000b7e00000, 0x00000000b7e00000, 0x00000000b7f00000|  0%| F|  |TAMS 0x00000000b7e00000, 0x00000000b7e00000| Untracked 
| 127|0x00000000b7f00000, 0x00000000b7f00000, 0x00000000b8000000|  0%| F|  |TAMS 0x00000000b7f00000, 0x00000000b7f00000| Untracked 
| 128|0x00000000b8000000, 0x00000000b8000000, 0x00000000b8100000|  0%| F|  |TAMS 0x00000000b8000000, 0x00000000b8000000| Untracked 
| 129|0x00000000b8100000, 0x00000000b8100000, 0x00000000b8200000|  0%| F|  |TAMS 0x00000000b8100000, 0x00000000b8100000| Untracked 
| 130|0x00000000b8200000, 0x00000000b8200000, 0x00000000b8300000|  0%| F|  |TAMS 0x00000000b8200000, 0x00000000b8200000| Untracked 
| 131|0x00000000b8300000, 0x00000000b8300000, 0x00000000b8400000|  0%| F|  |TAMS 0x00000000b8300000, 0x00000000b8300000| Untracked 
| 132|0x00000000b8400000, 0x00000000b8400000, 0x00000000b8500000|  0%| F|  |TAMS 0x00000000b8400000, 0x00000000b8400000| Untracked 
| 133|0x00000000b8500000, 0x00000000b8500000, 0x00000000b8600000|  0%| F|  |TAMS 0x00000000b8500000, 0x00000000b8500000| Untracked 
| 134|0x00000000b8600000, 0x00000000b8600000, 0x00000000b8700000|  0%| F|  |TAMS 0x00000000b8600000, 0x00000000b8600000| Untracked 
| 135|0x00000000b8700000, 0x00000000b8700000, 0x00000000b8800000|  0%| F|  |TAMS 0x00000000b8700000, 0x00000000b8700000| Untracked 
| 136|0x00000000b8800000, 0x00000000b8800000, 0x00000000b8900000|  0%| F|  |TAMS 0x00000000b8800000, 0x00000000b8800000| Untracked 
| 137|0x00000000b8900000, 0x00000000b8900000, 0x00000000b8a00000|  0%| F|  |TAMS 0x00000000b8900000, 0x00000000b8900000| Untracked 
| 138|0x00000000b8a00000, 0x00000000b8a00000, 0x00000000b8b00000|  0%| F|  |TAMS 0x00000000b8a00000, 0x00000000b8a00000| Untracked 
| 139|0x00000000b8b00000, 0x00000000b8b00000, 0x00000000b8c00000|  0%| F|  |TAMS 0x00000000b8b00000, 0x00000000b8b00000| Untracked 
| 140|0x00000000b8c00000, 0x00000000b8c00000, 0x00000000b8d00000|  0%| F|  |TAMS 0x00000000b8c00000, 0x00000000b8c00000| Untracked 
| 141|0x00000000b8d00000, 0x00000000b8d00000, 0x00000000b8e00000|  0%| F|  |TAMS 0x00000000b8d00000, 0x00000000b8d00000| Untracked 
| 142|0x00000000b8e00000, 0x00000000b8e00000, 0x00000000b8f00000|  0%| F|  |TAMS 0x00000000b8e00000, 0x00000000b8e00000| Untracked 
| 143|0x00000000b8f00000, 0x00000000b8f00000, 0x00000000b9000000|  0%| F|  |TAMS 0x00000000b8f00000, 0x00000000b8f00000| Untracked 
| 144|0x00000000b9000000, 0x00000000b9000000, 0x00000000b9100000|  0%| F|  |TAMS 0x00000000b9000000, 0x00000000b9000000| Untracked 
| 145|0x00000000b9100000, 0x00000000b9100000, 0x00000000b9200000|  0%| F|  |TAMS 0x00000000b9100000, 0x00000000b9100000| Untracked 
| 146|0x00000000b9200000, 0x00000000b9200000, 0x00000000b9300000|  0%| F|  |TAMS 0x00000000b9200000, 0x00000000b9200000| Untracked 
| 147|0x00000000b9300000, 0x00000000b9300000, 0x00000000b9400000|  0%| F|  |TAMS 0x00000000b9300000, 0x00000000b9300000| Untracked 
| 148|0x00000000b9400000, 0x00000000b9400000, 0x00000000b9500000|  0%| F|  |TAMS 0x00000000b9400000, 0x00000000b9400000| Untracked 
| 149|0x00000000b9500000, 0x00000000b9500000, 0x00000000b9600000|  0%| F|  |TAMS 0x00000000b9500000, 0x00000000b9500000| Untracked 
| 150|0x00000000b9600000, 0x00000000b9600000, 0x00000000b9700000|  0%| F|  |TAMS 0x00000000b9600000, 0x00000000b9600000| Untracked 
| 151|0x00000000b9700000, 0x00000000b9700000, 0x00000000b9800000|  0%| F|  |TAMS 0x00000000b9700000, 0x00000000b9700000| Untracked 
| 152|0x00000000b9800000, 0x00000000b9800000, 0x00000000b9900000|  0%| F|  |TAMS 0x00000000b9800000, 0x00000000b9800000| Untracked 
| 153|0x00000000b9900000, 0x00000000b9900000, 0x00000000b9a00000|  0%| F|  |TAMS 0x00000000b9900000, 0x00000000b9900000| Untracked 
| 154|0x00000000b9a00000, 0x00000000b9a00000, 0x00000000b9b00000|  0%| F|  |TAMS 0x00000000b9a00000, 0x00000000b9a00000| Untracked 
| 155|0x00000000b9b00000, 0x00000000b9b00000, 0x00000000b9c00000|  0%| F|  |TAMS 0x00000000b9b00000, 0x00000000b9b00000| Untracked 
| 156|0x00000000b9c00000, 0x00000000b9c00000, 0x00000000b9d00000|  0%| F|  |TAMS 0x00000000b9c00000, 0x00000000b9c00000| Untracked 
| 157|0x00000000b9d00000, 0x00000000b9d00000, 0x00000000b9e00000|  0%| F|  |TAMS 0x00000000b9d00000, 0x00000000b9d00000| Untracked 
| 158|0x00000000b9e00000, 0x00000000b9e00000, 0x00000000b9f00000|  0%| F|  |TAMS 0x00000000b9e00000, 0x00000000b9e00000| Untracked 
| 159|0x00000000b9f00000, 0x00000000b9f00000, 0x00000000ba000000|  0%| F|  |TAMS 0x00000000b9f00000, 0x00000000b9f00000| Untracked 
| 160|0x00000000ba000000, 0x00000000ba000000, 0x00000000ba100000|  0%| F|  |TAMS 0x00000000ba000000, 0x00000000ba000000| Untracked 
| 161|0x00000000ba100000, 0x00000000ba100000, 0x00000000ba200000|  0%| F|  |TAMS 0x00000000ba100000, 0x00000000ba100000| Untracked 
| 162|0x00000000ba200000, 0x00000000ba200000, 0x00000000ba300000|  0%| F|  |TAMS 0x00000000ba200000, 0x00000000ba200000| Untracked 
| 163|0x00000000ba300000, 0x00000000ba300000, 0x00000000ba400000|  0%| F|  |TAMS 0x00000000ba300000, 0x00000000ba300000| Untracked 
| 164|0x00000000ba400000, 0x00000000ba400000, 0x00000000ba500000|  0%| F|  |TAMS 0x00000000ba400000, 0x00000000ba400000| Untracked 
| 165|0x00000000ba500000, 0x00000000ba500000, 0x00000000ba600000|  0%| F|  |TAMS 0x00000000ba500000, 0x00000000ba500000| Untracked 
| 166|0x00000000ba600000, 0x00000000ba600000, 0x00000000ba700000|  0%| F|  |TAMS 0x00000000ba600000, 0x00000000ba600000| Untracked 
| 167|0x00000000ba700000, 0x00000000ba700000, 0x00000000ba800000|  0%| F|  |TAMS 0x00000000ba700000, 0x00000000ba700000| Untracked 
| 168|0x00000000ba800000, 0x00000000ba800000, 0x00000000ba900000|  0%| F|  |TAMS 0x00000000ba800000, 0x00000000ba800000| Untracked 
| 169|0x00000000ba900000, 0x00000000ba900000, 0x00000000baa00000|  0%| F|  |TAMS 0x00000000ba900000, 0x00000000ba900000| Untracked 
| 170|0x00000000baa00000, 0x00000000baa00000, 0x00000000bab00000|  0%| F|  |TAMS 0x00000000baa00000, 0x00000000baa00000| Untracked 
| 171|0x00000000bab00000, 0x00000000bab00000, 0x00000000bac00000|  0%| F|  |TAMS 0x00000000bab00000, 0x00000000bab00000| Untracked 
| 172|0x00000000bac00000, 0x00000000bac00000, 0x00000000bad00000|  0%| F|  |TAMS 0x00000000bac00000, 0x00000000bac00000| Untracked 
| 173|0x00000000bad00000, 0x00000000bad00000, 0x00000000bae00000|  0%| F|  |TAMS 0x00000000bad00000, 0x00000000bad00000| Untracked 
| 174|0x00000000bae00000, 0x00000000bae00000, 0x00000000baf00000|  0%| F|  |TAMS 0x00000000bae00000, 0x00000000bae00000| Untracked 
| 175|0x00000000baf00000, 0x00000000baf00000, 0x00000000bb000000|  0%| F|  |TAMS 0x00000000baf00000, 0x00000000baf00000| Untracked 
| 176|0x00000000bb000000, 0x00000000bb000000, 0x00000000bb100000|  0%| F|  |TAMS 0x00000000bb000000, 0x00000000bb000000| Untracked 
| 177|0x00000000bb100000, 0x00000000bb100000, 0x00000000bb200000|  0%| F|  |TAMS 0x00000000bb100000, 0x00000000bb100000| Untracked 
| 178|0x00000000bb200000, 0x00000000bb200000, 0x00000000bb300000|  0%| F|  |TAMS 0x00000000bb200000, 0x00000000bb200000| Untracked 
| 179|0x00000000bb300000, 0x00000000bb300000, 0x00000000bb400000|  0%| F|  |TAMS 0x00000000bb300000, 0x00000000bb300000| Untracked 
| 180|0x00000000bb400000, 0x00000000bb400000, 0x00000000bb500000|  0%| F|  |TAMS 0x00000000bb400000, 0x00000000bb400000| Untracked 
| 181|0x00000000bb500000, 0x00000000bb500000, 0x00000000bb600000|  0%| F|  |TAMS 0x00000000bb500000, 0x00000000bb500000| Untracked 
| 182|0x00000000bb600000, 0x00000000bb600000, 0x00000000bb700000|  0%| F|  |TAMS 0x00000000bb600000, 0x00000000bb600000| Untracked 
| 183|0x00000000bb700000, 0x00000000bb700000, 0x00000000bb800000|  0%| F|  |TAMS 0x00000000bb700000, 0x00000000bb700000| Untracked 
| 184|0x00000000bb800000, 0x00000000bb800000, 0x00000000bb900000|  0%| F|  |TAMS 0x00000000bb800000, 0x00000000bb800000| Untracked 
| 185|0x00000000bb900000, 0x00000000bb900000, 0x00000000bba00000|  0%| F|  |TAMS 0x00000000bb900000, 0x00000000bb900000| Untracked 
| 186|0x00000000bba00000, 0x00000000bba00000, 0x00000000bbb00000|  0%| F|  |TAMS 0x00000000bba00000, 0x00000000bba00000| Untracked 
| 187|0x00000000bbb00000, 0x00000000bbb00000, 0x00000000bbc00000|  0%| F|  |TAMS 0x00000000bbb00000, 0x00000000bbb00000| Untracked 
| 188|0x00000000bbc00000, 0x00000000bbc00000, 0x00000000bbd00000|  0%| F|  |TAMS 0x00000000bbc00000, 0x00000000bbc00000| Untracked 
| 189|0x00000000bbd00000, 0x00000000bbd00000, 0x00000000bbe00000|  0%| F|  |TAMS 0x00000000bbd00000, 0x00000000bbd00000| Untracked 
| 190|0x00000000bbe00000, 0x00000000bbe00000, 0x00000000bbf00000|  0%| F|  |TAMS 0x00000000bbe00000, 0x00000000bbe00000| Untracked 
| 191|0x00000000bbf00000, 0x00000000bbf00000, 0x00000000bc000000|  0%| F|  |TAMS 0x00000000bbf00000, 0x00000000bbf00000| Untracked 
| 192|0x00000000bc000000, 0x00000000bc000000, 0x00000000bc100000|  0%| F|  |TAMS 0x00000000bc000000, 0x00000000bc000000| Untracked 
| 193|0x00000000bc100000, 0x00000000bc100000, 0x00000000bc200000|  0%| F|  |TAMS 0x00000000bc100000, 0x00000000bc100000| Untracked 
| 194|0x00000000bc200000, 0x00000000bc200000, 0x00000000bc300000|  0%| F|  |TAMS 0x00000000bc200000, 0x00000000bc200000| Untracked 
| 195|0x00000000bc300000, 0x00000000bc300000, 0x00000000bc400000|  0%| F|  |TAMS 0x00000000bc300000, 0x00000000bc300000| Untracked 
| 196|0x00000000bc400000, 0x00000000bc400000, 0x00000000bc500000|  0%| F|  |TAMS 0x00000000bc400000, 0x00000000bc400000| Untracked 
| 197|0x00000000bc500000, 0x00000000bc500000, 0x00000000bc600000|  0%| F|  |TAMS 0x00000000bc500000, 0x00000000bc500000| Untracked 
| 198|0x00000000bc600000, 0x00000000bc600000, 0x00000000bc700000|  0%| F|  |TAMS 0x00000000bc600000, 0x00000000bc600000| Untracked 
| 199|0x00000000bc700000, 0x00000000bc700000, 0x00000000bc800000|  0%| F|  |TAMS 0x00000000bc700000, 0x00000000bc700000| Untracked 
| 200|0x00000000bc800000, 0x00000000bc800000, 0x00000000bc900000|  0%| F|  |TAMS 0x00000000bc800000, 0x00000000bc800000| Untracked 
| 201|0x00000000bc900000, 0x00000000bc900000, 0x00000000bca00000|  0%| F|  |TAMS 0x00000000bc900000, 0x00000000bc900000| Untracked 
| 202|0x00000000bca00000, 0x00000000bca00000, 0x00000000bcb00000|  0%| F|  |TAMS 0x00000000bca00000, 0x00000000bca00000| Untracked 
| 203|0x00000000bcb00000, 0x00000000bcb00000, 0x00000000bcc00000|  0%| F|  |TAMS 0x00000000bcb00000, 0x00000000bcb00000| Untracked 
| 204|0x00000000bcc00000, 0x00000000bcc00000, 0x00000000bcd00000|  0%| F|  |TAMS 0x00000000bcc00000, 0x00000000bcc00000| Untracked 
| 205|0x00000000bcd00000, 0x00000000bcd00000, 0x00000000bce00000|  0%| F|  |TAMS 0x00000000bcd00000, 0x00000000bcd00000| Untracked 
| 206|0x00000000bce00000, 0x00000000bce00000, 0x00000000bcf00000|  0%| F|  |TAMS 0x00000000bce00000, 0x00000000bce00000| Untracked 
| 207|0x00000000bcf00000, 0x00000000bcf00000, 0x00000000bd000000|  0%| F|  |TAMS 0x00000000bcf00000, 0x00000000bcf00000| Untracked 
| 208|0x00000000bd000000, 0x00000000bd000000, 0x00000000bd100000|  0%| F|  |TAMS 0x00000000bd000000, 0x00000000bd000000| Untracked 
| 209|0x00000000bd100000, 0x00000000bd100000, 0x00000000bd200000|  0%| F|  |TAMS 0x00000000bd100000, 0x00000000bd100000| Untracked 
| 210|0x00000000bd200000, 0x00000000bd200000, 0x00000000bd300000|  0%| F|  |TAMS 0x00000000bd200000, 0x00000000bd200000| Untracked 
| 211|0x00000000bd300000, 0x00000000bd300000, 0x00000000bd400000|  0%| F|  |TAMS 0x00000000bd300000, 0x00000000bd300000| Untracked 
| 212|0x00000000bd400000, 0x00000000bd400000, 0x00000000bd500000|  0%| F|  |TAMS 0x00000000bd400000, 0x00000000bd400000| Untracked 
| 213|0x00000000bd500000, 0x00000000bd500000, 0x00000000bd600000|  0%| F|  |TAMS 0x00000000bd500000, 0x00000000bd500000| Untracked 
| 214|0x00000000bd600000, 0x00000000bd600000, 0x00000000bd700000|  0%| F|  |TAMS 0x00000000bd600000, 0x00000000bd600000| Untracked 
| 215|0x00000000bd700000, 0x00000000bd700000, 0x00000000bd800000|  0%| F|  |TAMS 0x00000000bd700000, 0x00000000bd700000| Untracked 
| 216|0x00000000bd800000, 0x00000000bd800000, 0x00000000bd900000|  0%| F|  |TAMS 0x00000000bd800000, 0x00000000bd800000| Untracked 
| 217|0x00000000bd900000, 0x00000000bd900000, 0x00000000bda00000|  0%| F|  |TAMS 0x00000000bd900000, 0x00000000bd900000| Untracked 
| 218|0x00000000bda00000, 0x00000000bda00000, 0x00000000bdb00000|  0%| F|  |TAMS 0x00000000bda00000, 0x00000000bda00000| Untracked 
| 219|0x00000000bdb00000, 0x00000000bdb00000, 0x00000000bdc00000|  0%| F|  |TAMS 0x00000000bdb00000, 0x00000000bdb00000| Untracked 
| 220|0x00000000bdc00000, 0x00000000bdc00000, 0x00000000bdd00000|  0%| F|  |TAMS 0x00000000bdc00000, 0x00000000bdc00000| Untracked 
| 221|0x00000000bdd00000, 0x00000000bdd00000, 0x00000000bde00000|  0%| F|  |TAMS 0x00000000bdd00000, 0x00000000bdd00000| Untracked 
| 222|0x00000000bde00000, 0x00000000bde00000, 0x00000000bdf00000|  0%| F|  |TAMS 0x00000000bde00000, 0x00000000bde00000| Untracked 
| 223|0x00000000bdf00000, 0x00000000bdf00000, 0x00000000be000000|  0%| F|  |TAMS 0x00000000bdf00000, 0x00000000bdf00000| Untracked 
| 224|0x00000000be000000, 0x00000000be000000, 0x00000000be100000|  0%| F|  |TAMS 0x00000000be000000, 0x00000000be000000| Untracked 
| 225|0x00000000be100000, 0x00000000be100000, 0x00000000be200000|  0%| F|  |TAMS 0x00000000be100000, 0x00000000be100000| Untracked 
| 226|0x00000000be200000, 0x00000000be200000, 0x00000000be300000|  0%| F|  |TAMS 0x00000000be200000, 0x00000000be200000| Untracked 
| 227|0x00000000be300000, 0x00000000be300000, 0x00000000be400000|  0%| F|  |TAMS 0x00000000be300000, 0x00000000be300000| Untracked 
| 228|0x00000000be400000, 0x00000000be400000, 0x00000000be500000|  0%| F|  |TAMS 0x00000000be400000, 0x00000000be400000| Untracked 
| 229|0x00000000be500000, 0x00000000be500000, 0x00000000be600000|  0%| F|  |TAMS 0x00000000be500000, 0x00000000be500000| Untracked 
| 230|0x00000000be600000, 0x00000000be600000, 0x00000000be700000|  0%| F|  |TAMS 0x00000000be600000, 0x00000000be600000| Untracked 
| 231|0x00000000be700000, 0x00000000be700000, 0x00000000be800000|  0%| F|  |TAMS 0x00000000be700000, 0x00000000be700000| Untracked 
| 232|0x00000000be800000, 0x00000000be800000, 0x00000000be900000|  0%| F|  |TAMS 0x00000000be800000, 0x00000000be800000| Untracked 
| 233|0x00000000be900000, 0x00000000be900000, 0x00000000bea00000|  0%| F|  |TAMS 0x00000000be900000, 0x00000000be900000| Untracked 
| 234|0x00000000bea00000, 0x00000000bea00000, 0x00000000beb00000|  0%| F|  |TAMS 0x00000000bea00000, 0x00000000bea00000| Untracked 
| 235|0x00000000beb00000, 0x00000000beb00000, 0x00000000bec00000|  0%| F|  |TAMS 0x00000000beb00000, 0x00000000beb00000| Untracked 
| 236|0x00000000bec00000, 0x00000000bec00000, 0x00000000bed00000|  0%| F|  |TAMS 0x00000000bec00000, 0x00000000bec00000| Untracked 
| 237|0x00000000bed00000, 0x00000000bedf56a0, 0x00000000bee00000| 95%| S|CS|TAMS 0x00000000bed00000, 0x00000000bed00000| Complete 
| 238|0x00000000bee00000, 0x00000000bef00000, 0x00000000bef00000|100%| S|CS|TAMS 0x00000000bee00000, 0x00000000bee00000| Complete 
| 239|0x00000000bef00000, 0x00000000bf000000, 0x00000000bf000000|100%| S|CS|TAMS 0x00000000bef00000, 0x00000000bef00000| Complete 
| 240|0x00000000bf000000, 0x00000000bf100000, 0x00000000bf100000|100%| S|CS|TAMS 0x00000000bf000000, 0x00000000bf000000| Complete 
| 241|0x00000000bf100000, 0x00000000bf200000, 0x00000000bf200000|100%| S|CS|TAMS 0x00000000bf100000, 0x00000000bf100000| Complete 
| 242|0x00000000bf200000, 0x00000000bf200000, 0x00000000bf300000|  0%| F|  |TAMS 0x00000000bf200000, 0x00000000bf200000| Untracked 
| 243|0x00000000bf300000, 0x00000000bf300000, 0x00000000bf400000|  0%| F|  |TAMS 0x00000000bf300000, 0x00000000bf300000| Untracked 
| 244|0x00000000bf400000, 0x00000000bf400000, 0x00000000bf500000|  0%| F|  |TAMS 0x00000000bf400000, 0x00000000bf400000| Untracked 
| 245|0x00000000bf500000, 0x00000000bf500000, 0x00000000bf600000|  0%| F|  |TAMS 0x00000000bf500000, 0x00000000bf500000| Untracked 
| 246|0x00000000bf600000, 0x00000000bf600000, 0x00000000bf700000|  0%| F|  |TAMS 0x00000000bf600000, 0x00000000bf600000| Untracked 
| 247|0x00000000bf700000, 0x00000000bf700000, 0x00000000bf800000|  0%| F|  |TAMS 0x00000000bf700000, 0x00000000bf700000| Untracked 
| 248|0x00000000bf800000, 0x00000000bf800000, 0x00000000bf900000|  0%| F|  |TAMS 0x00000000bf800000, 0x00000000bf800000| Untracked 
| 249|0x00000000bf900000, 0x00000000bf900000, 0x00000000bfa00000|  0%| F|  |TAMS 0x00000000bf900000, 0x00000000bf900000| Untracked 
| 250|0x00000000bfa00000, 0x00000000bfa00000, 0x00000000bfb00000|  0%| F|  |TAMS 0x00000000bfa00000, 0x00000000bfa00000| Untracked 
| 251|0x00000000bfb00000, 0x00000000bfb00000, 0x00000000bfc00000|  0%| F|  |TAMS 0x00000000bfb00000, 0x00000000bfb00000| Untracked 
| 252|0x00000000bfc00000, 0x00000000bfc00000, 0x00000000bfd00000|  0%| F|  |TAMS 0x00000000bfc00000, 0x00000000bfc00000| Untracked 
| 253|0x00000000bfd00000, 0x00000000bfd00000, 0x00000000bfe00000|  0%| F|  |TAMS 0x00000000bfd00000, 0x00000000bfd00000| Untracked 
| 254|0x00000000bfe00000, 0x00000000bfe00000, 0x00000000bff00000|  0%| F|  |TAMS 0x00000000bfe00000, 0x00000000bfe00000| Untracked 
| 255|0x00000000bff00000, 0x00000000bffa57c8, 0x00000000c0000000| 64%| E|  |TAMS 0x00000000bff00000, 0x00000000bff00000| Complete 

Card table byte_map: [0x0000000027040000,0x00000000272c0000] _byte_map_base: 0x0000000026ac0000

Marking Bits (Prev, Next): (CMBitMap*) 0x0000000002348868, (CMBitMap*) 0x00000000023488a0
 Prev Bits: [0x0000000027540000, 0x0000000028940000)
 Next Bits: [0x0000000028940000, 0x0000000029d40000)

Polling page: 0x0000000000430000

Metaspace:

Usage:
  Non-class:     18.31 MB capacity,    18.02 MB ( 98%) used,   239.31 KB (  1%) free+waste,    55.75 KB ( <1%) overhead. 
      Class:      2.38 MB capacity,     2.15 MB ( 90%) used,   208.61 KB (  9%) free+waste,    28.88 KB (  1%) overhead. 
       Both:     20.69 MB capacity,    20.17 MB ( 97%) used,   447.92 KB (  2%) free+waste,    84.63 KB ( <1%) overhead. 

Virtual space:
  Non-class space:       20.00 MB reserved,      18.50 MB ( 93%) committed 
      Class space:        1.00 GB reserved,       2.50 MB ( <1%) committed 
             Both:        1.02 GB reserved,      21.00 MB (  2%) committed 

Chunk freelists:
   Non-Class:  1.00 KB
       Class:  25.00 KB
        Both:  26.00 KB

MaxMetaspaceSize: 17179869184.00 GB
CompressedClassSpaceSize: 1.00 GB

CodeHeap 'non-profiled nmethods': size=259328Kb used=386Kb max_used=386Kb free=258941Kb
 bounds [0x00000000160d0000, 0x0000000016340000, 0x0000000025e10000]
CodeHeap 'profiled nmethods': size=259264Kb used=2025Kb max_used=2025Kb free=257238Kb
 bounds [0x00000000063a0000, 0x0000000006610000, 0x00000000160d0000]
CodeHeap 'non-nmethods': size=5696Kb used=1173Kb max_used=1183Kb free=4522Kb
 bounds [0x0000000005e10000, 0x0000000006080000, 0x00000000063a0000]
 total_blobs=1798 nmethods=1267 adapters=443
 compilation: enabled
              stopped_count=0, restarted_count=0
 full_count=0

Compilation events (20 events):
Event: 0.602 Thread 0x000000002d625000 1081       4       sun.security.provider.SHA2::lf_maj (12 bytes)
Event: 0.602 Thread 0x000000002d625000 nmethod 1081 0x000000001612fb90 code [0x000000001612fd20, 0x000000001612fd78]
Event: 0.602 Thread 0x000000002d627000 1258       3       java.lang.System::getProperty (25 bytes)
Event: 0.602 Thread 0x000000002d627000 nmethod 1258 0x0000000006597890 code [0x0000000006597ac0, 0x0000000006598088]
Event: 0.603 Thread 0x000000002d627000 1259       1       sun.nio.fs.NativeBuffer::setOwner (6 bytes)
Event: 0.603 Thread 0x000000002d627000 nmethod 1259 0x000000001612fe10 code [0x000000001612ffc0, 0x00000000161300b8]
Event: 0.604 Thread 0x000000002d627000 1260       1       sun.nio.fs.WindowsException::lastError (5 bytes)
Event: 0.604 Thread 0x000000002d627000 nmethod 1260 0x0000000016130110 code [0x00000000161302c0, 0x0000000016130378]
Event: 0.608 Thread 0x000000002d627000 1262       3       java.util.concurrent.ConcurrentHashMap::remove (32 bytes)
Event: 0.608 Thread 0x000000002d625000 1263       4       java.util.concurrent.ConcurrentHashMap::addCount (289 bytes)
Event: 0.608 Thread 0x000000002d627000 nmethod 1262 0x0000000006598290 code [0x0000000006598460, 0x0000000006598718]
Event: 0.608 Thread 0x000000002d627000 1265       3       java.lang.StringLatin1::indexOf (121 bytes)
Event: 0.609 Thread 0x000000002d627000 nmethod 1265 0x0000000006598810 code [0x0000000006598a00, 0x0000000006598ed8]
Event: 0.609 Thread 0x000000002d627000 1264       3       java.util.concurrent.ThreadLocalRandom::getProbe (13 bytes)
Event: 0.609 Thread 0x000000002d627000 nmethod 1264 0x0000000006599110 code [0x00000000065992c0, 0x00000000065993b8]
Event: 0.609 Thread 0x000000002d627000 1266       3       java.util.regex.Pattern::next (33 bytes)
Event: 0.609 Thread 0x000000002d627000 nmethod 1266 0x0000000006599410 code [0x00000000065995e0, 0x0000000006599848]
Event: 0.609 Thread 0x000000002d627000 1267       3       java.lang.String::codePointAt (50 bytes)
Event: 0.609 Thread 0x000000002d627000 nmethod 1267 0x0000000006599990 code [0x0000000006599b80, 0x0000000006599f08]
Event: 0.609 Thread 0x000000002d627000 1268       3       java.util.regex.Pattern$Node::<init> (12 bytes)

GC Heap History (4 events):
Event: 0.492 GC heap before
{Heap before GC invocations=0 (full 0):
 garbage-first heap   total 262144K, used 27648K [0x00000000b0000000, 0x0000000100000000)
  region size 1024K, 24 young (24576K), 0 survivors (0K)
 Metaspace       used 11992K, capacity 12297K, committed 12416K, reserved 1060864K
  class space    used 1188K, capacity 1322K, committed 1408K, reserved 1048576K
}
Event: 0.496 GC heap after
{Heap after GC invocations=1 (full 0):
 garbage-first heap   total 262144K, used 7480K [0x00000000b0000000, 0x0000000100000000)
  region size 1024K, 3 young (3072K), 3 survivors (3072K)
 Metaspace       used 11992K, capacity 12297K, committed 12416K, reserved 1060864K
  class space    used 1188K, capacity 1322K, committed 1408K, reserved 1048576K
}
Event: 0.604 GC heap before
{Heap before GC invocations=1 (full 0):
 garbage-first heap   total 262144K, used 20792K [0x00000000b0000000, 0x0000000100000000)
  region size 1024K, 17 young (17408K), 3 survivors (3072K)
 Metaspace       used 20588K, capacity 21126K, committed 21248K, reserved 1069056K
  class space    used 2195K, capacity 2439K, committed 2560K, reserved 1048576K
}
Event: 0.608 GC heap after
{Heap after GC invocations=2 (full 0):
 garbage-first heap   total 262144K, used 9485K [0x00000000b0000000, 0x0000000100000000)
  region size 1024K, 5 young (5120K), 5 survivors (5120K)
 Metaspace       used 20588K, capacity 21126K, committed 21248K, reserved 1069056K
  class space    used 2195K, capacity 2439K, committed 2560K, reserved 1048576K
}

Deoptimization events (20 events):
Event: 0.089 Thread 0x0000000002318800 Uncommon trap: trap_request=0xffffff4d fr.pc=0x00000000160d4110 relative=0x00000000000001f0
Event: 0.089 Thread 0x0000000002318800 Uncommon trap: reason=unstable_if action=reinterpret pc=0x00000000160d4110 method=java.lang.String.hashCode()I @ 14 c2
Event: 0.089 Thread 0x0000000002318800 DEOPT PACKING pc=0x00000000160d4110 sp=0x000000000014d890
Event: 0.089 Thread 0x0000000002318800 DEOPT UNPACKING pc=0x0000000005e378af sp=0x000000000014d828 mode 2
Event: 0.386 Thread 0x0000000002318800 DEOPT PACKING pc=0x00000000063c260e sp=0x000000000014dd20
Event: 0.386 Thread 0x0000000002318800 DEOPT UNPACKING pc=0x0000000005e376ce sp=0x000000000014d1c0 mode 0
Event: 0.387 Thread 0x0000000002318800 DEOPT PACKING pc=0x00000000063c260e sp=0x000000000014dd20
Event: 0.387 Thread 0x0000000002318800 DEOPT UNPACKING pc=0x0000000005e376ce sp=0x000000000014d1c0 mode 0
Event: 0.399 Thread 0x0000000002318800 DEOPT PACKING pc=0x000000000648bb2d sp=0x000000000014e090
Event: 0.399 Thread 0x0000000002318800 DEOPT UNPACKING pc=0x0000000005e376ce sp=0x000000000014d4e0 mode 0
Event: 0.404 Thread 0x0000000002318800 DEOPT PACKING pc=0x0000000006491b24 sp=0x000000000014e270
Event: 0.404 Thread 0x0000000002318800 DEOPT UNPACKING pc=0x0000000005e376ce sp=0x000000000014d738 mode 0
Event: 0.410 Thread 0x0000000002318800 DEOPT PACKING pc=0x000000000649aea4 sp=0x000000000014e270
Event: 0.410 Thread 0x0000000002318800 DEOPT UNPACKING pc=0x0000000005e376ce sp=0x000000000014d738 mode 0
Event: 0.420 Thread 0x0000000002318800 Uncommon trap: trap_request=0xffffff4d fr.pc=0x00000000160fe350 relative=0x0000000000000ed0
Event: 0.420 Thread 0x0000000002318800 Uncommon trap: reason=unstable_if action=reinterpret pc=0x00000000160fe350 method=java.util.zip.ZipFile.getZipEntry(Ljava/lang/String;[BILjava/util/function/Function;)Ljava/util/zip/ZipEntry; @ 45 c2
Event: 0.420 Thread 0x0000000002318800 DEOPT PACKING pc=0x00000000160fe350 sp=0x000000000014c6c0
Event: 0.420 Thread 0x0000000002318800 DEOPT UNPACKING pc=0x0000000005e378af sp=0x000000000014c6a8 mode 2
Event: 0.608 Thread 0x000000002ed39800 DEOPT PACKING pc=0x00000000064a0f8a sp=0x000000002f71acd0
Event: 0.608 Thread 0x000000002ed39800 DEOPT UNPACKING pc=0x0000000005e376ce sp=0x000000002f71a120 mode 0

Classes redefined (0 events):
No events

Internal exceptions (20 events):
Event: 0.582 Thread 0x000000002f044000 Exception <a 'java/lang/NoSuchMethodError'{0x00000000bf6bdf10}: 'java.lang.Object java.lang.invoke.DirectMethodHandle$Holder.invokeStatic(java.lang.Object, java.lang.Object, java.lang.Object, java.lang.Object, java.lang.Object, java.lang.Object, java.lang.Object, java.lang.Object, java.lang.Object, java.lang.Object, java.lang.Object, int, int, java.lang.Object)'> (0x00000000bf6bdf10) thrown at [./src/hotspot/share/interpreter/linkResolver.cpp, line 773]
Event: 0.583 Thread 0x000000002f044000 Exception <a 'java/lang/NoSuchMethodError'{0x00000000bf6e1278}: 'java.lang.Object java.lang.invoke.DirectMethodHandle$Holder.invokeStatic(java.lang.Object, java.lang.Object, java.lang.Object, java.lang.Object, java.lang.Object, java.lang.Object, java.lang.Object, java.lang.Object, java.lang.Object, java.lang.Object, java.lang.Object, int, int, java.lang.Object, java.lang.Object)'> (0x00000000bf6e1278) thrown at [./src/hotspot/share/interpreter/linkResolver.cpp, line 773]
Event: 0.586 Thread 0x000000002f044000 Exception <a 'java/lang/NoSuchMethodError'{0x00000000bf5a52c0}: 'java.lang.Object java.lang.invoke.DirectMethodHandle$Holder.invokeStatic(java.lang.Object, java.lang.Object, java.lang.Object, java.lang.Object, java.lang.Object, java.lang.Object, java.lang.Object, java.lang.Object, java.lang.Object, java.lang.Object, java.lang.Object, java.lang.Object, java.lang.Object, int)'> (0x00000000bf5a52c0) thrown at [./src/hotspot/share/interpreter/linkResolver.cpp, line 773]
Event: 0.586 Thread 0x000000002f044000 Exception <a 'java/lang/NoSuchMethodError'{0x00000000bf5b1a10}: 'java.lang.Object java.lang.invoke.DirectMethodHandle$Holder.invokeStatic(java.lang.Object, java.lang.Object, java.lang.Object, java.lang.Object, java.lang.Object, java.lang.Object, java.lang.Object, java.lang.Object, java.lang.Object, java.lang.Object, java.lang.Object, java.lang.Object, java.lang.Object, int, int)'> (0x00000000bf5b1a10) thrown at [./src/hotspot/share/interpreter/linkResolver.cpp, line 773]
Event: 0.592 Thread 0x000000002f044000 Exception <a 'java/lang/ClassNotFoundException'{0x00000000bf494a98}: com/sun/java/swing/plaf/windows/resources/spi/windowsProvider> (0x00000000bf494a98) thrown at [./src/hotspot/share/classfile/systemDictionary.cpp, line 231]
Event: 0.592 Thread 0x000000002f044000 Exception <a 'java/lang/ClassNotFoundException'{0x00000000bf49a730}: com/sun/swing/internal/plaf/basic/resources/spi/basicProvider> (0x00000000bf49a730) thrown at [./src/hotspot/share/classfile/systemDictionary.cpp, line 231]
Event: 0.603 Thread 0x000000002ed39800 Exception <a 'sun/nio/fs/WindowsException'{0x00000000bf3bf4b8}> (0x00000000bf3bf4b8) thrown at [./src/hotspot/share/prims/jni.cpp, line 615]
Event: 0.603 Thread 0x000000002ed39800 Exception <a 'sun/nio/fs/WindowsException'{0x00000000bf3bfad0}> (0x00000000bf3bfad0) thrown at [./src/hotspot/share/prims/jni.cpp, line 615]
Event: 0.603 Thread 0x000000002ed39800 Exception <a 'sun/nio/fs/WindowsException'{0x00000000bf3c00f0}> (0x00000000bf3c00f0) thrown at [./src/hotspot/share/prims/jni.cpp, line 615]
Event: 0.603 Thread 0x000000002ed39800 Exception <a 'sun/nio/fs/WindowsException'{0x00000000bf3c0748}> (0x00000000bf3c0748) thrown at [./src/hotspot/share/prims/jni.cpp, line 615]
Event: 0.603 Thread 0x000000002ed39800 Exception <a 'sun/nio/fs/WindowsException'{0x00000000bf3c0d58}> (0x00000000bf3c0d58) thrown at [./src/hotspot/share/prims/jni.cpp, line 615]
Event: 0.603 Thread 0x000000002ed39800 Exception <a 'sun/nio/fs/WindowsException'{0x00000000bf3c17d0}> (0x00000000bf3c17d0) thrown at [./src/hotspot/share/prims/jni.cpp, line 615]
Event: 0.603 Thread 0x000000002ed39800 Exception <a 'sun/nio/fs/WindowsException'{0x00000000bf3c1da8}> (0x00000000bf3c1da8) thrown at [./src/hotspot/share/prims/jni.cpp, line 615]
Event: 0.603 Thread 0x000000002ed39800 Exception <a 'sun/nio/fs/WindowsException'{0x00000000bf3c23a8}> (0x00000000bf3c23a8) thrown at [./src/hotspot/share/prims/jni.cpp, line 615]
Event: 0.603 Thread 0x000000002ed39800 Exception <a 'sun/nio/fs/WindowsException'{0x00000000bf3c2d20}> (0x00000000bf3c2d20) thrown at [./src/hotspot/share/prims/jni.cpp, line 615]
Event: 0.603 Thread 0x000000002ed39800 Exception <a 'sun/nio/fs/WindowsException'{0x00000000bf3c3318}> (0x00000000bf3c3318) thrown at [./src/hotspot/share/prims/jni.cpp, line 615]
Event: 0.603 Thread 0x000000002ed39800 Exception <a 'sun/nio/fs/WindowsException'{0x00000000bf3c45d8}> (0x00000000bf3c45d8) thrown at [./src/hotspot/share/prims/jni.cpp, line 615]
Event: 0.603 Thread 0x000000002ed39800 Exception <a 'sun/nio/fs/WindowsException'{0x00000000bf3c4bb0}> (0x00000000bf3c4bb0) thrown at [./src/hotspot/share/prims/jni.cpp, line 615]
Event: 0.604 Thread 0x000000002ed39800 Exception <a 'sun/nio/fs/WindowsException'{0x00000000bf3c51b0}> (0x00000000bf3c51b0) thrown at [./src/hotspot/share/prims/jni.cpp, line 615]
Event: 0.604 Thread 0x000000002ed39800 Exception <a 'sun/nio/fs/WindowsException'{0x00000000bf3c57f0}> (0x00000000bf3c57f0) thrown at [./src/hotspot/share/prims/jni.cpp, line 615]

Events (20 events):
Event: 0.604 loading class com/intellij/util/containers/ConcurrentList done
Event: 0.604 Executing VM operation: CollectForMetadataAllocation
Event: 0.608 Executing VM operation: CollectForMetadataAllocation done
Event: 0.608 loading class com/intellij/util/containers/ConcurrentLongObjectMap
Event: 0.608 loading class com/intellij/util/containers/ConcurrentLongObjectMap done
Event: 0.608 loading class com/intellij/openapi/util/io/PathExecLazyValue
Event: 0.608 loading class com/intellij/openapi/util/io/PathExecLazyValue done
Event: 0.608 loading class com/intellij/util/containers/ConcurrentIntObjectMap
Event: 0.608 loading class com/intellij/util/containers/ConcurrentIntObjectMap done
Event: 0.609 loading class com/intellij/util/containers/SoftKeySoftValueHashMap
Event: 0.609 loading class com/intellij/util/containers/SoftKeySoftValueHashMap done
Event: 0.609 loading class com/intellij/util/containers/SoftKeySoftValueHashMap$ValueReference
Event: 0.609 loading class com/intellij/util/containers/SoftKeySoftValueHashMap$ValueReference done
Event: 0.609 loading class com/intellij/util/containers/SoftHashMap
Event: 0.609 loading class com/intellij/util/containers/SoftHashMap done
Event: 0.609 loading class com/intellij/util/containers/RefHashMap
Event: 0.609 loading class com/intellij/util/containers/RefHashMap done
Event: 0.609 loading class com/intellij/util/ObjectUtils
Event: 0.609 loading class com/intellij/util/ObjectUtils done
Event: 0.609 Executing VM operation: CGC_Operation


Dynamic libraries:
0x0000000140000000 - 0x0000000140147000 	C:\Program Files\Android\Android Studio\bin\studio64.exe
0x00007ffcd5db0000 - 0x00007ffcd5fa5000 	C:\Windows\SYSTEM32\ntdll.dll
0x00007ffcd5950000 - 0x00007ffcd5a0e000 	C:\Windows\System32\KERNEL32.DLL
0x00007ffcd3b30000 - 0x00007ffcd3df9000 	C:\Windows\System32\KERNELBASE.dll
0x00007ffcd4d30000 - 0x00007ffcd4ed1000 	C:\Windows\System32\USER32.dll
0x00007ffcd3870000 - 0x00007ffcd3892000 	C:\Windows\System32\win32u.dll
0x00007ffcd4350000 - 0x00007ffcd437b000 	C:\Windows\System32\GDI32.dll
0x00007ffcd3630000 - 0x00007ffcd373b000 	C:\Windows\System32\gdi32full.dll
0x00007ffcd37d0000 - 0x00007ffcd386d000 	C:\Windows\System32\msvcp_win.dll
0x00007ffcd3900000 - 0x00007ffcd3a00000 	C:\Windows\System32\ucrtbase.dll
0x00007ffcd58a0000 - 0x00007ffcd594c000 	C:\Windows\System32\ADVAPI32.dll
0x00007ffcd4ab0000 - 0x00007ffcd4b4e000 	C:\Windows\System32\msvcrt.dll
0x00007ffcd5800000 - 0x00007ffcd589b000 	C:\Windows\System32\sechost.dll
0x00007ffcd5aa0000 - 0x00007ffcd5bca000 	C:\Windows\System32\RPCRT4.dll
0x00007ffcd4ee0000 - 0x00007ffcd561f000 	C:\Windows\System32\SHELL32.dll
0x00007ffcd5620000 - 0x00007ffcd5650000 	C:\Windows\System32\IMM32.DLL
0x00007ffcd4c80000 - 0x00007ffcd4d2e000 	C:\Windows\System32\shcore.dll
0x00007ffcd4750000 - 0x00007ffcd4aa5000 	C:\Windows\System32\combase.dll
0x00007ffc943e0000 - 0x00007ffc94eaf000 	C:\Program Files\Android\Android Studio\jre\bin\server\jvm.dll
0x00007ffcd46d0000 - 0x00007ffcd46d8000 	C:\Windows\System32\PSAPI.DLL
0x00007ffcce530000 - 0x00007ffcce53a000 	C:\Windows\SYSTEM32\VERSION.dll
0x00007ffcbf3f0000 - 0x00007ffcbf417000 	C:\Windows\SYSTEM32\WINMM.dll
0x00007ffcb8e70000 - 0x00007ffcb8e79000 	C:\Windows\SYSTEM32\WSOCK32.dll
0x00007ffcd5bd0000 - 0x00007ffcd5c3b000 	C:\Windows\System32\WS2_32.dll
0x00007ffcb8e50000 - 0x00007ffcb8e67000 	C:\Program Files\Android\Android Studio\jre\bin\VCRUNTIME140.dll
0x00007ffcb8e30000 - 0x00007ffcb8e41000 	C:\Program Files\Android\Android Studio\jre\bin\verify.dll
0x00007ffcba120000 - 0x00007ffcba304000 	C:\Windows\SYSTEM32\DBGHELP.DLL
0x00007ffcbb170000 - 0x00007ffcbb19c000 	C:\Windows\SYSTEM32\dbgcore.DLL
0x00007ffcd3740000 - 0x00007ffcd37c3000 	C:\Windows\System32\bcryptPrimitives.dll
0x00007ffc94360000 - 0x00007ffc94389000 	C:\Program Files\Android\Android Studio\jre\bin\java.dll
0x00007ffcb8e20000 - 0x00007ffcb8e2b000 	C:\Program Files\Android\Android Studio\jre\bin\jimage.dll
0x00007ffc94340000 - 0x00007ffc94358000 	C:\Program Files\Android\Android Studio\jre\bin\zip.dll
0x00007ffcd13f0000 - 0x00007ffcd1402000 	C:\Windows\SYSTEM32\kernel.appcore.dll
0x00007ffcd15f0000 - 0x00007ffcd1d80000 	C:\Windows\SYSTEM32\windows.storage.dll
0x00007ffcd2e50000 - 0x00007ffcd2e7c000 	C:\Windows\SYSTEM32\Wldp.dll
0x00007ffcd4b50000 - 0x00007ffcd4ba5000 	C:\Windows\System32\shlwapi.dll
0x00007ffcd3410000 - 0x00007ffcd342f000 	C:\Windows\SYSTEM32\profapi.dll
0x00007ffc94320000 - 0x00007ffc9433a000 	C:\Program Files\Android\Android Studio\jre\bin\net.dll
0x00007ffcc0e30000 - 0x00007ffcc0f38000 	C:\Windows\SYSTEM32\WINHTTP.dll
0x00007ffcd2bb0000 - 0x00007ffcd2c1a000 	C:\Windows\system32\mswsock.dll
0x00007ffc94300000 - 0x00007ffc94314000 	C:\Program Files\Android\Android Studio\jre\bin\nio.dll
0x00007ffcd2db0000 - 0x00007ffcd2dc8000 	C:\Windows\SYSTEM32\CRYPTSP.dll
0x00007ffcd2530000 - 0x00007ffcd2564000 	C:\Windows\system32\rsaenh.dll
0x00007ffcd3a50000 - 0x00007ffcd3a77000 	C:\Windows\System32\bcrypt.dll
0x00007ffcd33d0000 - 0x00007ffcd33fe000 	C:\Windows\SYSTEM32\USERENV.dll
0x00007ffcd2da0000 - 0x00007ffcd2dac000 	C:\Windows\SYSTEM32\CRYPTBASE.dll
0x00007ffcd28a0000 - 0x00007ffcd28db000 	C:\Windows\SYSTEM32\IPHLPAPI.DLL
0x00007ffcd44a0000 - 0x00007ffcd44a8000 	C:\Windows\System32\NSI.dll
0x00007ffcc9fc0000 - 0x00007ffcc9fd7000 	C:\Windows\SYSTEM32\dhcpcsvc6.DLL
0x00007ffcc9fa0000 - 0x00007ffcc9fbd000 	C:\Windows\SYSTEM32\dhcpcsvc.DLL
0x00007ffcd28e0000 - 0x00007ffcd29ac000 	C:\Windows\SYSTEM32\DNSAPI.dll
0x00007ffcb8e10000 - 0x00007ffcb8e1a000 	C:\Program Files\Android\Android Studio\jre\bin\management.dll
0x00007ffcad7f0000 - 0x00007ffcad7fc000 	C:\Program Files\Android\Android Studio\jre\bin\management_ext.dll
0x00007ffc942e0000 - 0x00007ffc942f7000 	C:\Windows\system32\napinsp.dll
0x00007ffc942c0000 - 0x00007ffc942db000 	C:\Windows\system32\pnrpnsp.dll
0x00007ffcaa1d0000 - 0x00007ffcaa1e5000 	C:\Windows\system32\wshbth.dll
0x00007ffccf070000 - 0x00007ffccf08d000 	C:\Windows\system32\NLAapi.dll
0x00007ffc942a0000 - 0x00007ffc942b2000 	C:\Windows\System32\winrnr.dll
0x00007ffcc0c40000 - 0x00007ffcc0c4a000 	C:\Windows\System32\rasadhlp.dll
0x00007ffcc0db0000 - 0x00007ffcc0e2f000 	C:\Windows\System32\fwpuclnt.dll
0x00007ffc93c70000 - 0x00007ffc93e14000 	C:\Program Files\Android\Android Studio\jre\bin\awt.dll
0x00007ffcd4bb0000 - 0x00007ffcd4c7d000 	C:\Windows\System32\OLEAUT32.dll
0x00007ffcd1030000 - 0x00007ffcd105f000 	C:\Windows\SYSTEM32\dwmapi.dll
0x00007ffc93bd0000 - 0x00007ffc93c6d000 	C:\Program Files\Android\Android Studio\jre\bin\MSVCP140.dll
0x00007ffcd0d50000 - 0x00007ffcd0de0000 	C:\Windows\SYSTEM32\apphelp.dll
0x00007ffcb3660000 - 0x00007ffcb3710000 	C:\Windows\WinSxS\amd64_microsoft.windows.common-controls_6595b64144ccf1df_5.82.19041.1110_none_792d1c772443f647\COMCTL32.dll
0x00007ffcd0ee0000 - 0x00007ffcd0f7e000 	C:\Windows\system32\uxtheme.dll
0x00007ffcd4380000 - 0x00007ffcd4495000 	C:\Windows\System32\MSCTF.dll
0x00007ffcd5c40000 - 0x00007ffcd5d6a000 	C:\Windows\System32\ole32.dll

dbghelp: loaded successfully - version: 4.0.5 - missing functions: none
symbol engine: initialized successfully - sym options: 0x614 - pdb path: .;C:\Program Files\Android\Android Studio\bin;C:\Windows\SYSTEM32;C:\Program Files\Android\Android Studio\jre\bin\server;C:\Program Files\Android\Android Studio\jre\bin;C:\Windows\WinSxS\amd64_microsoft.windows.common-controls_6595b64144ccf1df_5.82.19041.1110_none_792d1c772443f647

VM Arguments:
jvm_args: exit -Xms256m -Xmx1280m -XX:ReservedCodeCacheSize=512m -XX:+UseG1GC -XX:SoftRefLRUPolicyMSPerMB=50 -XX:CICompilerCount=2 -Dsun.io.useCanonCaches=false -Djdk.http.auth.tunneling.disabledSchemes="" -Djdk.attach.allowAttachSelf=true -Djdk.module.illegalAccess.silent=true -Dkotlinx.coroutines.debug=off -Djna.nosys=true -Djna.boot.library.path= -Didea.vendor.name=Google -Djb.vmOptionsFile=C:\Program Files\Android\Android Studio\bin\studio64.exe.vmoptions -Djava.library.path=C:\Program Files\Android\Android Studio\jre\\bin;C:\Program Files\Android\Android Studio\jre\\bin\server -Didea.platform.prefix=AndroidStudio -Didea.jre.check=true -Dide.native.launcher=true -Didea.vendor.name=Google -Didea.paths.selector=AndroidStudio2020.3 -XX:ErrorFile=C:\Users\cse\java_error_in_studio64_%p.log -XX:HeapDumpPath=C:\Users\cse\java_error_in_studio64.hprof 
java_command: <unknown>
java_class_path (initial): C:\Program Files\Android\Android Studio\lib\bootstrap.jar;C:\Program Files\Android\Android Studio\lib\extensions.jar;C:\Program Files\Android\Android Studio\lib\util.jar;C:\Program Files\Android\Android Studio\lib\jdom.jar;C:\Program Files\Android\Android Studio\lib\log4j.jar;C:\Program Files\Android\Android Studio\lib\jna.jar
Launcher Type: generic

[Global flags]
     intx CICompilerCount                          = 2                                         {product} {command line}
     uint ConcGCThreads                            = 3                                         {product} {ergonomic}
    ccstr ErrorFile                                = C:\Users\cse\java_error_in_studio64_%p.log            {product} {command line}
     uint G1ConcRefinementThreads                  = 10                                        {product} {ergonomic}
   size_t G1HeapRegionSize                         = 1048576                                   {product} {ergonomic}
    uintx GCDrainStackTargetSize                   = 64                                        {product} {ergonomic}
    ccstr HeapDumpPath                             = C:\Users\cse\java_error_in_studio64.hprof         {manageable} {command line}
   size_t InitialHeapSize                          = 268435456                                 {product} {command line}
   size_t MarkStackSize                            = 4194304                                   {product} {ergonomic}
   size_t MaxHeapSize                              = 1342177280                                {product} {command line}
   size_t MaxNewSize                               = 805306368                                 {product} {ergonomic}
   size_t MinHeapDeltaBytes                        = 1048576                                   {product} {ergonomic}
    uintx NonNMethodCodeHeapSize                   = 5825164                                {pd product} {ergonomic}
    uintx NonProfiledCodeHeapSize                  = 265522874                              {pd product} {ergonomic}
    uintx ProfiledCodeHeapSize                     = 265522874                              {pd product} {ergonomic}
    uintx ReservedCodeCacheSize                    = 536870912                              {pd product} {command line}
     bool SegmentedCodeCache                       = true                                      {product} {ergonomic}
     intx SoftRefLRUPolicyMSPerMB                  = 50                                        {product} {command line}
     bool UseCompressedClassPointers               = true                                 {lp64_product} {ergonomic}
     bool UseCompressedOops                        = true                                 {lp64_product} {ergonomic}
     bool UseG1GC                                  = true                                      {product} {command line}
     bool UseLargePagesIndividualAllocation        = false                                  {pd product} {ergonomic}

Logging:
Log output configuration:
 #0: stdout all=warning uptime,level,tags
 #1: stderr all=off uptime,level,tags

Environment Variables:
JAVA_HOME=C:\JAVA\bin
PATH=C:\Program Files (x86)\Common Files\Oracle\Java\javapath;C:\Windows\system32;C:\Windows;C:\Windows\System32\Wbem;C:\Windows\System32\WindowsPowerShell\v1.0\;C:\Windows\System32\OpenSSH\;C:\JAVA\bin;C:\hadoop-2.8.0\bin;C:\Users\cse\AppData\Local\Programs\Python\Python39\Scripts\;C:\Users\cse\AppData\Local\Programs\Python\Python39\;C:\Users\cse\AppData\Local\Microsoft\WindowsApps;
USERNAME=CSELAB
OS=Windows_NT
PROCESSOR_IDENTIFIER=Intel64 Family 6 Model 165 Stepping 3, GenuineIntel



---------------  S Y S T E M  ---------------

OS: Windows 10 , 64 bit Build 19041 (10.0.19041.1202)
OS uptime: 0 days 0:01 hours

CPU:total 12 (initial active 12) (6 cores per cpu, 2 threads per core) family 6 model 165 stepping 3 microcode 0xe0, cmov, cx8, fxsr, mmx, sse, sse2, sse3, ssse3, sse4.1, sse4.2, popcnt, avx, avx2, aes, clmul, erms, 3dnowpref, lzcnt, ht, tsc, tscinvbit, bmi1, bmi2, adx, fma

Memory: 4k page, system-wide physical 7967M (4880M free)
TotalPageFile size 9247M (AvailPageFile size 6082M)
current process WorkingSet (physical memory assigned to process): 105M, peak: 105M
current process commit charge ("private bytes"): 368M, peak: 368M

vm_info: OpenJDK 64-Bit Server VM (11.0.10+0-b96-7249189) for windows-amd64 JRE (11.0.10+0-b96-7249189), built on Mar 31 2021 21:44:00 by "builder" with MS VC++ 14.0 (VS2015)

END.
